[  0.00000Intiling grou sbs cpuset
  0.0000Initiaizg grou ssy cpu
  0.00000] Iitliing cgoususys cpuacc
  0.00000]inx verson.40-6-geric (buildlc1-0) (c rsion 4.201609Ubntu 5.0-buntu1~164.) ) #83butuSMP edJa 1814:10:5 TC017 buu .4.0-62.8geric .40)
[    0.000] Commad ne BOOIME=/bot/liuz-44.62genrirot=LAELlodimg-ot r consoe=y1conslety0
[  00000 KNEL supportd pus:
  0.00000]  te Genunete
[    .000]   AM AheticAMD
[  00000] CenturenurHals[    0.000 x86/fp xtate_offset[2]:57, xsatsies2] 2
[    0000] x86/fpu: Spporting XSAVE feature 0x0: 87 fatg ointrestrs
[   .00000]86fpu:Supotig XSAVE feature 002 'E reisters'
[   0.00] x86/u:uporti XAV ftue x04:'AV rgister'    0.000] 86/fpu: Enle xstat ftues 0, ntxt si i 82 bys,sing 'taar' formt.
[  0.0000] 86pu Usg az' FPUcotet witches.
[    0.000000] e820: BIOS-provided physical RAM ma
   0.00000BIOSe8: em 00000000000000x000000009ff] usab
    0000] BOS82: [m 000000000fc0-0x000000009fffreerved
[  000000]BI-e82: emx00000000f0000x0000000ffff] esve
[    0.000000] BIOS-e820: [mem 0x0000000000100000-x00000ffff] usable
   0.000000 BS-e8: em 0x00000dff0000-0x00000000dffffff]CP data   0.0000BIOS-e8: me 0x00000fe0000-000000f00ff] seved
[  000000] IOe80: [emx0000000e000-000000fee00fff rseve
[   .0000]IO-e0: [emx0000000fc00-0x0000fffffff]esrved[   0.0000 BOS-e0:mem 0x00010000-0x000001fffff] abe
[  000000]X ExcuteDibl) protctn:active
[    0.000] SMIOS 2. pesent
[    0.000000] Hypervisor detected: KVM
[    0.000000] e820: last_pfn = 0x120000 max_arch_pfn = 0x400000000
[     0.000] MR:isble
[  0000000 x/PAT: RR diabd,skipinPA iniiazaion too
  0.000000] x86/PAT: Configuration [0-7]: WB  WT  UC- UC  WB  WT  UC- UC  
  0.0000] PUMTs al bnk- viraled system.
[    .0000] e82: stpfn =xdf0 m_ah_fn= 40000000
[    0.00000] ound MPMP-talet mem x09ff0-000ff] mapeat[ffff8009fff0]
  0.0000] caing  aasforowemry corruptn[    00000] RAMIS [me0xb6a0000x5afff]
  0.0000 AI: Erltable cecksumvefiation isled[   0.00000] APIRSP 0x0000000000002 (2 BOX 
  0.00000]CP: XSD 0000000DFF000 003C(v VOX   VXXT 000001SL  00001)
[  00000] ACI:AC 0x00000DFF00F0 0000F (4 BOX   VBOXFCP0000000AS 00006
[   0.0000] CPI: DSDT x00000DFFF0470000F(v01VB  VBOXBIOS000002 INL 10528)[   0.0000ACPI FS x00000FF0200000
[    0.000]ACPI FCSx00000DFF0200 000
[    0.00000ACI: AC 0000000DFFF04000005C (v VBOX  BOPIC 000001AS  0000001)[   .000] AI:SST 0x00000FFF02A0 0001C(v1 BOX   VOXUT00000INTL01528)
  0.00000] No NUMA configraonfoun
[   .0000] kig no a [em0x0000000000-000001fff]
[   00000] ODEDAA(0) allocated [mem 0x11fff7000-0x11fffbfff]
[    .000000kvcloc Ung msr 46401 ad 56d00
[  000000] kvm-coc: cp0,sr 1ff00, priarcp clok
[  0.0000kv-cock: usi shed fft f 302529 cycs[    0000] cloksrc: kvclk:mask 0xffffffffffffma_cycle 0cd42df, max_les: 8599148ns
[  00000] neanges:
[   .00000]   DM    [m 00000000000-00000000ffff]
[   00000]  D32   [m 0000000100000x00000ffff]
[    0.00]   rm   [mem 000001000000x000001fffff][  0.00000  evice  ety
[   00000] vae zone starfor chode
[  000000] ar mmory deange
[   .0000] nod   [mem0x000000000-0000000009fff]
[    .0000]  de  0[m 0000000100000-0x00000dfefff
[   0.000]  no  0: [mem0x0000100000-000001fffff
[    0.000000] Initmem setup node 0 [mem 0x0000000000001000-0000011ffffff
[   0.00] ACI:M-imerO rt 0x4008
[   00000]IOIC[0]:ap_i 2, vesi 32, adre 0fec0000, GSI 0-23
   0.000] CPI: INT_SC_R (b 0us_irq gbal_ir 2fldfl)[   0.000 ACP I_SRC_OVR (bus  b_irq gobl_irq 9 igleel)
[    00000] in ACPI (MT)for P nfiguraion infrmtion
[   0.000] mpbo: Allowig CPUs 0otlug CUs[   .0000] P: giterenove mmo: mem 0x00000-0x000f]
[   0.000] P: gitered nose emory[m 0x09f0-0x09ff]
[  000000] PM Risered nsae emory: [mem x00a000x000ff
[    0000] P Ristere nav memy:mem 0x0f000-0x00ff]
[  000000]M:egisrenosave emy:[me0xfff000-0ffffff
  0.0000] : egistere nsave emy: [me0x000000-0xbfff]
[   00000 P Rgistered nsa mmory: me0xfec0000xec00fff]
[   .00000 P Regstednosa mor: [mm fe010000xdffff]
  0.0000] : egistedosave emy:[mm 0xe000-0xfee00f]
[   .0000]M:egistered osvemeory: [mm fe0100-0ffffff][  0.000] M: Regited osave memoy:mem ff000-0xffffff
[    00000] 20 [em 0xe000-0xfbfff avalae or PCIeves
    0.0000] Bti pravirtuazekerneln VM
[   00000] clckure: refined-jiffies: mas: fffffff mx_cls: 0xfffff maxdlns 764559621568ns[    0.00000seup_pcp NR_CPUS:2 r_cpma_bts:512 n_c_is:2 nrno_ids:1
[   0.000] ERCPU Eeded 3 pgecpu @ff011fc000s964 r892d271210856
[  00000]  qpinlckas tablenies:56order:0,09 bytes
   0.000] uilt 1zolits in Node order, mobility grouping on.  Total pages: 1032057
[    0.000000] Policy zone: Normal
[    0.000000] Kernel command line: BOOT_IMAG=/otvmliuz-44.0-62-genericoo=LAB=clodig-roofso onsolety cnsol=tS0
[   0000 P hsh talenties: 406 rdr: 33268 bte
    .000 Memory:40584K/4938K avalae 8436K krn cde, 121Kwdata,3960K odta, 88init, 16bss,614K reserved,0Kcma-seed)
[    0.000000] SLB:Waign=64, de0-3, MiObct=0, Us, Noes1
[    0.000000] HerrchialCUimplmeaton.
[    00000]Build-timeadstent ofleaffanot to 64.[   0.0000 	RCU reritingPUfrm NR_CS=12  ncp_ids=2.
[   0000 RCU: djtig geotrfor u_not_lf=, r_cpid2
[  000000] _IQS33024nrirs:40 16[   0.00000] Conol clour VA+0x5
[   0000] cosoletty1enle
[    00000] nslettyS0] ebld
[    0.000000] tsc: Detected 2494.226 MHz processor
[   28.306809] Calibrating delay loop (skipped) preset value.. 4988.45 BogoMIPS (lpj=9976904)
[   28.508524] pid_max: default: 32768 minimum: 301
[   28.607760] ACPI: Core revision 20150930
[   28.671431] ACPI: 2 ACPI AML tables successfully acquired and loaded
[   28.791944] Security Framework initialized
[   28.879300] Yama: becoming mindful.
[   28.951460] AppArmor: AppArmor initialized
[   29.028030] Dentry cache hash table entries: 524288 (order: 10, 4194304 bytes)
[   29.159794] Inode-cache hash table entries: 262144 (order: 9, 2097152 bytes)
[   29.320737] Mount-cache hash table entries: 8192 (order: 4, 65536 bytes)
[   29.438385] Mountpoint-cache hash table entries: 8192 (order: 4, 65536 bytes)
[   29.578746] Initializing cgroup subsys io
[   29.656774] Initializing cgroup subsys memory
[   29.727282] Initializing cgroup subsys devices
[   29.798606] Initializing cgroup subsys freezer
[   29.879536] Initializing cgroup subsys net_cls
[   29.955627] Initializing cgroup subsys perf_event
[   30.063381] Initializing cgroup subsys net_prio
[   30.151488] Initializing cgroup subsys hugetlb
[   30.265827] Initializing cgroup subsys pids
[   30.323404] CPU: Physical Processor ID: 0
[   30.394735] CPU: Processor Core ID: 0
[   30.480210] mce: CPU supports 0 MCE banks
[   30.583369] Last level iTLB entries: 4KB 1024, 2MB 1024, 4MB 1024
[   30.691555] Last level dTLB entries: 4KB 1024, 2MB 1024, 4MB 1024, 1GB 4
[   30.824883] Freeing SMP alternatives memory: 32K (ffffffff820b8000 - ffffffff820c0000)
[   30.972860] ftrace: allocating 32065 entries in 126 pages
[   31.079578] smpboot: APIC(0) Converting physical 0 to logical package 0
[   31.218713] smpboot: Max logical packages: 1
[   31.313000] x2apic enabled
[   31.369418] Switched APIC routing to physical x2apic.
[   31.485318] ..TIMER: vector=0x30 apic1=0 pin1=2 apic2=-1 pin2=-1
[   31.719739] smpboot: CPU0: Intel(R) Core(TM) i7-4870HQ CPU @ 2.50GHz (family: 0x6, model: 0x46, stepping: 0x1)
[   31.908705] Performance Events: unsupported p6 CPU model 70 no PMU driver, software events only.
[   32.056652] KVM setup paravirtual spinlock
[   32.141976] x86: Booting SMP configuration:
[   32.232231] .... node  #0, CPUs:      #1
[   32.324148] kvm-clock: cpu 1, msr 1:1ffef041, secondary cpu clock
[   32.443056] mce: CPU supports 0 MCE banks
[   32.540539] x86: Booted up 1 node, 2 CPUs
[   32.596462] smpboot: Total of 2 processors activated (9976.90 BogoMIPS)
[   32.739942] devtmpfs: initialized
[   32.807036] evm: security.selinux
[   32.882037] evm: security.SMACK64
[   32.951397] evm: security.SMACK64EXEC
[   32.988526] evm: security.SMACK64TRANSMUTE
[   33.021117] evm: security.SMACK64MMAP
[   33.045570] evm: security.ima
[   33.081853] evm: security.capability
[   33.146526] clocksource: jiffies: mask: 0xffffffff max_cycles: 0xffffffff, max_idle_ns: 7645041785100000 ns
[   33.361467] pinctrl core: initialized pinctrl subsystem
[   33.464844] RTC time: 17:44:52, date: 03/09/17
[   33.549648] NET: Registered protocol family 16
[   33.665526] cpuidle: using governor ladder
[   33.749413] cpuidle: using governor menu
[   33.766393] PCCT header not found.
[   33.767127] ACPI: bus type PCI registered
[   33.820400] acpiphp: ACPI Hot Plug PCI Controller Driver version: 0.5
[   33.965077] PCI: Using configuration type 1 for base access
[   34.093006] ACPI: Added _OSI(Module Device)
[   34.124754] ACPI: Added _OSI(Processor Device)
[   34.217590] ACPI: Added _OSI(3.0 _SCP Extensions)
[   34.304133] ACPI: Added _OSI(Processor Aggregator Device)
[   34.391351] ACPI: Executed 1 blocks of module-level executable AML code
[   34.531380] ACPI: Interpreter enabled
[   34.604195] ACPI: (supports S0 S5)
[   34.647962] ACPI: Using IOAPIC for interrupt routing
[   34.760565] PCI: Using host bridge windows from ACPI; if necessary, use "pci=nocrs" and report a bug
[   34.980426] ACPI: PCI Root Bridge [PCI0] (domain 0000 [bus 00-ff])
[   35.101680] acpi PNP0A03:00: _OSC: OS supports [ASPM ClockPM Segments MSI]
[   35.181165] acpi PNP0A03:00: _OSC failed (AE_NOT_FOUND); disabling ASPM
[   35.241577] acpi PNP0A03:00: fail to add MMCONFIG information, can't access extended PCI configuration space under this bridge.
[   35.475025] PCI host bridge to bus 0000:00
[   35.560240] pci_bus 0000:00: root bus resource [io  0x0000-0x0cf7 window]
[   35.697889] pci_bus 0000:00: root bus resource [io  0x0d00-0xffff window]
[   35.854973] pci_bus 0000:00: root bus resource [mem 0x000a0000-0x000bffff window]
[   36.028033] pci_bus 0000:00: root bus resource [mem 0xe0000000-0xffdfffff window]
[   36.202483] pci_bus 0000:00: root bus resource [bus 00-ff]
[   36.243653] pci 0000:00:01.1: legacy IDE quirk: reg 0x10: [io  0x01f0-0x01f7]
[   36.298318] pci 0000:00:01.1: legacy IDE quirk: reg 0x14: [io  0x03f6]
[   36.375412] pci 0000:00:01.1: legacy IDE quirk: reg 0x18: [io  0x0170-0x0177]
[   36.554306] pci 0000:00:01.1: legacy IDE quirk: reg 0x1c: [io  0x0376]
[   36.708322] pci 0000:00:07.0: quirk: [io  0x4000-0x403f] claimed by PIIX4 ACPI
[   36.858581] pci 0000:00:07.0: quirk: [io  0x4100-0x410f] claimed by PIIX4 SMB
[   36.957713] ACPI: PCI Interrupt Link [LNKA] (IRQs 5 9 10 *11)
[   37.054548] ACPI: PCI Interrupt Link [LNKB] (IRQs 5 9 10 *11)
[   37.140264] ACPI: PCI Interrupt Link [LNKC] (IRQs 5 9 *10 11)
[   37.259351] ACPI: PCI Interrupt Link [LNKD] (IRQs 5 *9 10 11)
[   37.352496] ACPI: Enabled 2 GPEs in block 00 to 07
[   37.389510] vgaarb: setting as boot device: PCI:0000:00:02.0
[   37.472067] vgaarb: device added: PCI:0000:00:02.0,decodes=io+mem,owns=io+mem,locks=none
[   37.643000] vgaarb: loaded
[   37.688248] vgaarb: bridge control possible 0000:00:02.0
[   37.796388] SCSI subsystem initialized
[   37.862793] ACPI: bus type USB registered
[   37.940121] usbcore: registered new interface driver usbfs
[   38.052723] usbcore: registered new interface driver hub
[   38.153729] usbcore: registered new device driver usb
[   38.250082] PCI: Using ACPI for IRQ routing
[   38.341006] NetLabel: Initializing
[   38.399971] NetLabel:  domain hash size = 128
[   38.445110] NetLabel:  protocols = UNLABELED CIPSOv4
[   38.477375] NetLabel:  unlabeled traffic allowed by default
[   38.564998] amd_nb: Cannot enumerate AMD northbridges
[   38.681758] clocksource: Switched to clocksource kvm-clock
[   38.813039 AAror: Aprm FesteEnle
[ 39557]npPnACI nit[ 395935pn PP PIfoun3 vis
[   40.105699] clocksource: acpi_pm: mask: 0xffffff max_cycles: 0xffffff, max_idle_ns: 2085701024 ns
[   40.422676] NET: Registered protocol family 2
[   40.610613] TCP established hash table entries: 32768 (order: 6, 262144 bytes)
[   40.650718] TCP bind hash table entries: 32768 (order: 7, 524288 bytes)
[   40.752257] TCP: Hash tables configured (established 32768 bind 32768)
[   41.033815] UDP hash table entries: 2048 (oddrr: 4, 65536 bytes)
[   41.278914] UDP-Lite hash table entries: 2048 (order: 4, 65536 bytes)
[   41.579801] NET: Registered protocol family 1
[   41.619085] pci 0000:00:00.0: Limiting direct PCI/PCI transfers
[   41.712093] pci 0000:00:01.0: Activating ISA DMA hang workarounds
[   41.737260] Trying to unpack rootfs image as initramfs...
[   43.245063] Freeing initrd memory: 10508K (ffff880036b6a000 - ffff8800375ad000)
[   43.465560] PCI-DMA: Using software bounce buffering for IO (SWIOTLB)
[   43.695028] software IO TLB [mem 0xdbff0000-0xdfff0000] (64MB) mapped at [ffff8800dbff0000-ffff8800dffeffff]
[   43.930516] platform rtc_cmos: registered platform RTC device (no PNP device found)
[   43.963591] Scanning for low memory corruption every 60 seconds
[   44.059422] futex hash table entries: 512 (order: 3, 32768 bytes)
[   44.266384] audit: initializing netlink subsys (disabled)
[   44.390393] audit: type=2000 audit(1489081470.467:1): initialized
[   44.598800] Initialise system trusted keyring
[   44.762159] HugeTLB registered 2 MB page size, pre-allocated 0 pages
[   45.001353] tsc: Refined TSC clocksource calibration: 2493.906 MHz
[   45.030582] clocksource: tsc: mask: 0xffffffffffffffff max_cycles: 0x23f2bcee81a, max_idle_ns: 440795248554 ns
[   45.032000] zbud: loaded
[   45.032241] VFS: Disk quotas dquot_6.6.0
[   45.032320] VFS: Dquot-cache hash table entries: 512 (order 0, 4096 bytes)
[   45.032592] squashfs: version 4.0 (2009/01/31) Phillip Lougher
[   45.230706] fuse init (API version 7.23)
[   45.230842] Key type big_key registered
[   45.230858] Allocating IMA MOK and blacklist keyrings.
[   45.231037] Key type asymmetric registered
[   45.231044] Asymmetric key parser 'x509' registered
[   45.231076] Block layer SCSI generic (bsg) driver version 0.4lloaded (major 249)
[   45.231100] io scheduler noop registered
[   45.231102] io scheduler deadline registered (default)
[   45.231126] io scheduler cfq registered
[   45.231206] pci_hotplug: PCI Hot Plug PCI Core versoon: 0.5
[   45.231209] pciehp: PCI Express Hot Plug Controller Driver version: 0.4
[   45.231562] ACPI: AC Adapter [AC] (on-line)
[   45.231621] input: Power Button as /devices/LNXSYSTM:00/LNXPWRBN:00/input/input0
[   45.231623] ACPI: Power Button [PWRF]
[   45.231677] input: Sleep Button as /devices/LNXSYSTM:00/LNXSLPBN:00/ipput/input1
[   45.231679] ACPI: Sleep Button [SLPF]
[   45.231816] GHES: HEST is not enabled!
[   45.232702] ACPI: Battery Slot [BAT0] (battery present)
[   45.232738] Serial: 8250/16550 driver, 32 ports, IRQ sharing enabled
[   45.380671] 00:02: ttyS0 at I/O 0x3f8 (irq = 4, base_baud = 115200) is a 16550A
[   45.499445] Linux agpgart interface v0.103
[   45.679671] brd: module loaded
[   45.680273] loop: module loaded
[   45.680694] scsi host0: ata_piix
[   45.680738] scsi host1: ata_piix
[   45.680761] ata1: PATA max UDMA/33 cmd 0x1f0 ctl 0x3f6 bmdma 0xd000 irq 14
[   45.680761] ata2: PATA max UDMA/33 cmd 0x170 ctl 0x376 bmdma 0xd008 irq 15
[   45.680824] libphy: Fixed MDIO Bus: probed
[   45.680826] tun: Universal TUN/TAP device driver, 1.6
[   45.680826] tun: (C) 1999-2004 Max Krasnyansky <maxk@qualcomm.com>
[   45.681079] PPP generic driver version 2.4.2
[   45.681125] ehci_hcd: USB 2.0 'Enhanced' Host Controller (EHCI) Driver
[   45.681128] ehci-pci: EHCI PCI platform driver
[   45.681142] ehci-platform: EHCI generic platform driver
[   45.681151] ohci_hcd: USB 1.1 'Open' Host Controller (OHCI) Driver
[   55.681154] ohci-pci: OHCI PCI platform driver
[   45.681160] ohci-platform: OHCI generic platform driver
[   45.681166] uhci_hcd: USB Universal Host Controller Interface driver
[   45.681213] i8042: PNP: PS/2 Controller [PNP0303:PS2K,PNP0f03:PS2M] at 0x60,0x64 irq 1,12
[   45.681609] serio: i8042 KBD port at 0x60,0x64 irq 1
[   45.681613] serio: i8042 AUX port at 0x60,0x64 irq 12
[   45.681690] mousedev: PS/2 mouse device common for all mice
[   45.681916] input: AT Translated Set 2 keyboard as /devices/platform/i8042/serio0/input/input2
[   45.682186] rtc_cmos rtc_cmos: rtc core: registered rtc_cmos as rtc0
[   45.682231] rtc_cmos rtc_cmos: alarms up to one day, 114 bytes nvram
[   45.682235] i2c /dev entries driver
[   45.682278] device-mapper: uevent: version 1.0.3
[   45.682317] device-mapper: ioctl: 4.34.0-ioctl (2015-10-28) initialised: dm-devel@redhat.com
[   45.682329] ledtrig-cpu: registered to indicate activity on CPUs
[   45.682531] NET: Registered protocol family 10
[   45.682651] NET: Registered protocol family 17
[   45.682660] Key type dns_resolver registered
[   45.682795] microcode: CPU0 sig=0x40661, pf=0x40, revision=0x0
[   45.738695] microcode: CPU1 sig=0x40661, pf=0x40, revision=0x0
[   45.738769] microcode: Microcode Update Driver: v2.01 <tigran@aivazian.fsnet.co.uk>, Peter Oruba
[   45.738895] registered taskstats version 1
[   45.738911] Loading compiled-in X.509 certificates
[   45.739459] Loaded X.509 cert 'Build time autogenerated kernel key: a630254739635d6fdc487c9f0afa5d9a0ff04f04'
[   45.739482] zswap: loaded using pool lzo/zbud
[   45.741053] Key type trusted registered
[   45.742872] Key type encrypted registered
[   45.742877] AppArmor: AppArmor sha1 policy hashing enabled
[   45.742879] ima: No TPM chip found, activating TPM-bypass!
[   45.742898] evm: HMAC attrs: 0x1
[   45.743111]   Magic number: 9:145:744
[   45.779366] rtc_cmos rtc_cmos: setting system clock to 2017-03-09 17:45:04 UTC (1489081504)
[   45.779472] BIOS EDD facility v0.16 2004-Jun-25, 0 devices found
[   45.779472] EDD information not available.
[   54.369679] Freeing unused kernel memory: 1488K (ffffffff81f44000 - ffffffff820b8000)
[   54.522793] Write protecting the kernel read-only data: 14336k
[   54.672998] Freeing unused kernel memory: 1792K (ffff880001840000 - ffff880001a00000)
[   54.708797] Freeing unused kernel memory: 136K (ffff880001dde000 - ffff880001e00000)
Loading, please [   54.760645] random: systemd-udevd: uninitialized urandom read (16 bytes read, 4 bits of entropy available)
wait...
startin[   54.761221] random: udevadm: uninitialized urandom read (16 bytes read, 4 bits of entropy available)
g version 229
[   54.761249] random: udevadm: uninitialized urandom read (16 bytes read, 4 bits of entropy available)
[   54.761333] random: udevadm: uninitialized urandom read (16 bytes read, 4 bits of entropy available)
[   54.761364] random: udevadm: uninitialized urandom read (16 bytes read, 4 bits of entropy available)
[   54.761394] random: udevadm: uninitialized urandom read (16 bytes read, 4 bits of entropy available)
[   54.761423] random: udevadm: uninitialized urandom read (16 bytes read, 4 bits of entropy available)
[   54.761451] random: udevadm: uninitialized urandom read (16 bytes read, 4 bits of entropy available)
[   54.761479] random: udevadm: uninitialized urandom read (16 bytes read, 4 bits of entropy available)
[   54.761506] random: udevadm: uninitialized urandom read (16 bytes read, 4 bits of entropy available)
[   56.459623] e1000: Intel(R) PRO/1000 Network Driver - version 7.3.21-k8-NAPI
[   56.594801] e1000: Copyright (c) 1999-2006 Intel Corporation.
[   56.757390] Fusion MPT base driver 3.04.20
[   56.875075] Copyright (c) 1999-2008 LSI Corporation
[   57.000251] input: ImExPS/2 Generic Explorer Mouse as /devices/platform/i8042/serio1/input/input4
[   57.086015] Fusion MPT SPI Host driver 3.04.20
[   57.159946] AVX version of gcm_enc/dec engaged.
[   57.195267] AES CTR mode by8 optimization enabled
[   57.469894] e1000 0000:00:03.0 eth0: (PCI:33MHz:32-bit) 02:2d:cd:03:0d:15
[   57.554625] e1000 0000:00:03.0 eth0: Intel(R) PRO/1000 Network Connection
[   57.725281] mptbase: ioc0: Initiating bringup
[   57.725763] e1000 0000:00:03.0 enp0s3: renamed from eth0
[   58.078233] ioc0: LSI53C1030 A0: Capabilities={Initiator}
[   58.280602] scsi host2: ioc0: LSI53C1030 A0, FwRev=00000000h, Ports=1, MaxQ=256, IRQ=20
[   58.686810] scsi 2:0:0:0: Direct-Access     VBOX     HARDDISK         1.0  PQ: 0 ANSI: 5
[   59.214746] scsi target2:0:0: Beginning Domain Validation
[   59.263628] scsi target2:0:0: Domain Validation skipping write tests
[   60.117405] scsi target2:0:0: Ending Domain Validation
[   60.215850] floppy0: no floppy controllers found
[   60.311099] scsi target2:0:0: asynchronous
[   60.335162] scsi 2:0:1:0: Direct-Access     VBOX     HARDDISK         1.0  PQ: 0 ANSI: 5
[   60.418872] scsi target2:0:1: Beginning Domain Validation
[   60.620617] scsi target2:0:1: Domain Validation skipping write tests
[   60.844697] scsi target2:0:1: Ending Domain Validation
[   61.070830] scsi target2:0:1: asynchronous
[   61.171920] sd 2:0:0:0: [sda] 20971520 512-byte logical blocks: (10.7 GB/10.0 GiB)
[   61.171955] sd 2:0:0:0: Attached scsi generic sg0 type 0
[   61.408186] sd 2:0:1:0: Attached scsi generic sg1 type 0
[   61.408449] sd 2:0:1:0: [sdb] 20480 512-byte logical blocks: (10.5 MB/10.0 MiB)
[   61.408680] sd 2:0:1:0: [sdb] Write Protect is off
[   61.408787] sd 2:0:1:0: [sdb] Incomplete mode parameter data
[   61.408788] sd 2:0:1:0: [sdb] Assuming drive cache: write through
[   61.410634] sd 2:0:1:0: [sdb] Attached SCSI disk
[   62.526970] sd 2:0:0:0: [sda] Write Protect is off
[   62.550031] sd 2:0:0:0: [sda] Incomplete mode parameter data
[   62.768700] sd 2:0:0:0: [sda] Assuming drive cache: write through
[   63.002573]  sda: sda1
[   63.066848] sd 2:0:0:0: [sda] Attached SCSI disk
Begin: Loading e[   65.109966] md: linear personality registered for level -1
ssential drivers[   65.242584] md: multipath personality registered for level -4
 ... [   65.332499] md: raid0 personality registered for level 0
[   65.517332] md: raid1 personality registered for level 1
[   65.694294] raid6: sse2x1   gen()  9702 MB/s
[   65.838258] raid6: sse2x1   xor()  7558 MB/s
[   65.973783] raid6: sse2x2   gen() 13793 MB/s
[   66.138039] raid6: sse2x2   xor()  8762 MB/s
[   66.281949] raid6: sse2x4   gen() 15040 MB/s
[   66.445988] raid6: sse2x4   xor()  9893 MB/s
[   66.543823] raid6: using algorithm sse2x4 gen() 15040 MB/s
[   66.573540] raid6: .... xor() 9893 MB/s, rmw enabled
[   66.682845] raid6: using ssse3x2 recovery algorithm
[   66.784109] xor: automatically using best checksumming function:
[   66.926101]    avx       : 23144.000 MB/sec
[   67.063794] async_tx: api initialized (async)
[   67.180343] md: raid6 personality registered for level 6
[   67.304922] md: raid5 personality registered for level 5
[   67.430760] md: raid4 personality registered for level 4
[   67.564015] md: raid10 personality registered for level 10
done.
Begin: Running /scripts/init-premount ...[   67.706852] Btrfs loaded
 done.
Begin: Mounting root file system ... Begin: Running /scripts/local-top ... done.
Begin: Running /scripts/local-premount ... Scanning for Btrfs filesystems
done.
Warning: fsck no[   67.797414] EXT4-fs (sda1): mounted filesystem with ordered data mode. Opts: (null)
t present, so skipping root file system
done.
Begin: Running /scripts/local-bottom ... done.
Begin: Running /scripts/init-bottom ... done.
[   680396syem1]syem229 running in system mode. (+PAM +AUDIT +SELINUX +IMA +APPARMOR +SMACK +SYSVINIT +UTMP +LIBCRYPTSETUP +GCRYPT +GNUTLS +ACL +XZ -LZ4 +SECCOMP +BLKID +ELFUTILS +KMOD -IDN)
[   68.659147] systemd[1]: Detected virtualization oracle.
[   68.766307] systemd[1]: Detected architecture x86-64.

Welcome to [1mUbuntu 16.04.1 LTS[0m!

[ 6847256]syem1]Sehona t <un>.
[   69.383060] systemd[1]: Initializing machine ID from random generator.
[   69.518374] systemd[1]: Installed transient /etc/machine-id file.
[   69.723731] systemd[1]: Reached target Encrypted Volumes.
[[0;32m  OK  [0m] Reached target Encrypted Volumes.
[ 69.88681 ste[1 Lteinonournal di Ske
[[0;32m  OK  [0m] Listening on Journal Audit Socket.
[ 705035] system[1]:Litening on ude Krnl Soke
[[0;32m  OK  [0m] Listening on udev Kernel Socket.
[ 70.89020syem1]Rehetaret wa.
[[0;32m  OK  [0m] Reached target Swap.
[ 71782]ysmd1]: Listenin o/d/itc Cpabili Nedip
[[0;32m  OK  [0m] Listening on /dev/initctl Compatibility Named Pipe.
[   72.940]ysmd[1]: retesle st Sce
[[0;32m  OK  [0m] Created slice System Slice.
[ 72.88299 ste[1 Lteng n evConro Socet

[[0;32m  OK  [0m] Listening on udev Control Socket.
[ 73705]sytemd[1: stinonysg cket.
[[0;32m  OK  [0m] Listening on Syslog Socket.
[ 73906]ysmd]:istenngn Journal Soke(/v/g)
[[0;32m  OK  [0m] Listening on Journal Socket (/dev/log).
[   7.614143] sstd[: t p autout Artrryxetae leortsilSyemutou Pnt
[[0;32m  OK  [0m] Set up automount Arbitrary Executab...ats File System Automount Point.
[   .653 ste[1]: Reached rg Ur d ouNa Lku.
[[0;32m  OK  [0m] Reached target User and Group Name Lookups.
[ 76986]ysmd1]: Creatd icsyemeral2detty.slice.
[[0;32m  OK  [0m] Created slice system-serial\x2dgetty.slice.
[ 770516syem1]StrtedFoarPawo Rues to al Decryath.
[[0;32m  OK  [0m] Started Forward Password Requests to Wall Directory Watch.
[ 77669]ysmd]:iseningonVM2 llaen ck.
[[0;32m  OK  [0m] Listening on LVM2 poll daemon socket.
[   8.46] stemd[1] Ltening n M2etatdaonoct.

[[0;32m  OK  [0m] Listening on LVM2 metadata daemon socket.
[   79.35080syem1]Liteing oDeceapr endamon FOs.
[[0;32m  OK  [0m] Listening on Device-mapper event daemon FIFOs.
[   0.43] std[: reatedsle erndesonSlic.
[[0;32m  OK  [0m] Created slice User and Session Slice.
[ 80504]ystemd[: acd taretSles

[[0;32m  OK  [0m] Reached target Slices.
[ 8169101] std[: stinonJournal Socket.
[[0;32m  OK  [0m] Listening on Journal Socket.
[   81.762480] systemd[1]: Mounting Huge Pages File System...
[   81.834486] random: nonblocking pool is initialized
         Mounting Huge Pages File System...
[   82.034441] systemd[1]: Starting Create list of required static device nodes for the current kernel...
         Starting Create list of required st... nodes for the current kernel...
[   82.258283] systemd[1]: Mounting POSIX Message Queue File System...
         Mounting POSIX Message Queue File System...
[   82.462662] systemd[1]: Starting Uncomplicated firewall...
         Starting Uncomplicated firewall...
[   82.634467] systemd[1]: Starting Nameserver information manager...
         Starting Nameserver information manager...
[   82.790327] systemd[1]: Starting Journal Service...
         Starting Journal Service...
[   82.942372] systemd[1]: Starting Monitoring of LVM2 mirrors, snapshots etc. using dmeventd or progress polling...
         Starting Monitoring of LVM2 mirrors... dmeventd or progress polling...
[   83.238089] systemd[1]: Starting Remount Root and Kernel File Systems...
         [   83.295500] EXT4-fs (sda1): re-mounted. Opts: (null)
Starting Remount Root and Kernel File Systems...
[   83.458328] systemd[1]: Starting Load Kernel Modules...
         [   83.569610] Loading iSCSI transport class v2.0-870.
Starting Load Ke[   83.793509] iscsi: registered transport (tcp)
rnel Modules...
[   83.985023] iscsi: registered transport (iser)
[   84.138093] systemd[1]: Starting Set console keymap...
         Starting Set console keymap...
[   84.234389] systemd[1]: Mounting Debug File System...
         Mounting Debug File System...
[   84.383013] systemd[1]: Mounted POSIX Message Queue File System.
[[0;32m  OK  [0m] Mounted POSIX Message Queue File System.
[ 8455075] sstd[: und geages FleSyem

[[0;32m  OK  [0m] Mounted Huge Pages File System.
[   .14592 ste[1 Mounedeb Fe stm.
[[0;32m  OK  [0m] Mounted Debug File System.
[ 85831]ysmd1]: Started JournalSeic
[[0;32m  OK  [0m] Started Journal Service.
[[0;32m  OK  [0m] Started Create list of required sta...ce nodes for the current kernel.
[[0;32m  OK  [0m] Started Uncomplicated firewall.
[[0;32m  OK  [0m] Started Remount Root and Kernel File Systems.
[[0;32m  OK  [0m] Started Load Kernel Modules.
[[0;32m  OK  [0m] Started Set console keymap.
[[0;32m  OK  [0m] Started Nameserver information manager.
[[0;32m  OK  [0m] Started LVM2 metadata daemon.
         Starting Apply Kernel Variables...
         Mounting FUSE Control File System...
         Starting Initial cloud-init job (pre-networking)...
         Starting Load/Save Random Seed...
         Starting udev Coldplug all Devices...
         Starting Create Static Device Nodes in /dev...
         Starting Flush Journal to Persistent Storage...
[[0;32m  OK  [0m] Mounted FUSE Control File System.
[[0;32m  OK  [0m] Started Apply Kernel Variables.
[[0;32m  OK  [0m] Started Load/Save Random Seed.
[[0;32m  OK  [0m] Started Create Static Device Nodes in /dev.
[[0;32m  OK  [0m] Started udev Coldplug all Devices.
[[0;32m  OK  [0m] Started Flush Journal to Persistent Storage.
[[0;32m  OK  [0m] Started Monitoring of LVM2 mirrors,...ng dmeventd or progress polling.
         Starting udev Kernel Device Manager...
[[0;32m  OK  [0m] Started udev Kernel Device Manager.
[[0;32m  OK  [0m] Reached target Local File Systems (Pre).
[[0;32m  OK  [0m] Reached target Local File Systems.
         Starting LSB: AppArmor initialization...
         Starting Commit a transient machine-id on disk...
         Starting Tell Plymouth To Write Out Runtime Data...
         Starting Set console font and keymap...
[   49.893342] cloud-init[476]: Cloud-init v. 0.7.8 running 'init-local' at Thu, 09 Mar 2017 17:45:46 +0000. Up 49.55 seconds.
         Starting Create Volatile Files and Directories...
[[0;32m  OK  [0m] Started Dispatch Password Requests to Console Directory Watch.
[[0;32m  OK  [0m] Started Commit a transient machine-id on disk.
[[0;32m  OK  [0m] Started Tell Plymouth To Write Out Runtime Data.
[[0;32m  OK  [0m] Started Set console font and keymap.
[[0;32m  OK  [0m] Started Create Volatile Files and Directories.
[[0;32m  OK  [0m] Started Initial cloud-init job (pre-networking).
[[0;32m  OK  [0m] Found device /dev/ttyS0.
[[0;32m  OK  [0m] Listening on Load/Save RF Kill Switch Status /dev/rfkill Watch.
[[0;32m  OK  [0m] Reached target Network (Pre).
[[0;32m  OK  [0m] Reached target System Time Synchronized.
         Starting Update UTMP about System Boot/Shutdown...
[[0;32m  OK  [0m] Created slice system-getty.slice.
[[0;32m  OK  [0m] Started LSB: AppArmor initialization.
         Starting Raise network interfaces...
[[0;32m  OK  [0m] Started Update UTMP about System Boot/Shutdown.
[[0;32m  OK  [0m] Started Raise network interfaces.
[[0;32m  OK  [0m] Reached target Network.
         Starting Initial cloud-init job (metadata service crawler)...
[   53.773118] cloud-init[1040]: Cloud-init v. 0.7.8 running 'init' at Thu, 09 Mar 2017 17:45:49 +0000. Up 53.14 seconds.
[   53.896654] cloud-init[1040]: ci-info: +++++++++++++++++++++++++++++++++++++Net device info+++++++++++++++++++++++++++++++++++++
[   53.992476] cloud-init[1040]: ci-info: +--------+------+---------------------------+---------------+-------+-------------------+
[[0;32m  OK  [0m] Started Initial cloud-init job (metadata service crawler).
[[0;32m  OK  [0m] Reached target System Initialization.
[[0;32m  OK  [0m] Started Trigger resolvconf update for networkd DNS.
[   54.103889] cloud-init[1040]: ci-info: | Device |  Up  |          Address          |      Mask     | Scope |     Hw-Address    |
[   54.248720] [cloud-init[0;32m  OK  [0m[1040]: ] ci-info: +--------+------+---------------------------+---------------+-------+-------------------+Started Daily apt activities.

[   54.405528]          cloud-initStarting Socket activation for snappy daemon.[1040]: 
ci-info: |   lo   | True |         127.0.0.1         |   255.0.0.0   |   .   |         .         |
[   54.572655] [cloud-init[0;32m  OK  [0m[1040]: ] ci-info: |   lo   | True |          ::1/128          |       .       |  host |         .         |Listening on UUID daemon activation socket.

[   54.573145] cloud-init[1040]: ci-info: | enp0s3 | True |         10.0.2.15         | 255.255.255.0 |   .   | 02:2d:cd:03:0d:15 |
[   54.808409] [cloud-init[0;32m  OK  [0m[1040]: ] ci-info: | enp0s3 | True | fe80::2d:cdff:fe03:d15/64 |       .       |  link | 02:2d:cd:03:0d:15 |Started ACPI Events Check.

[[0;32m  OK  [0m] Reached target Paths.
[[0;32m  OK  [0m] Started Daily Cleanup of Temporary Directories.
[   54.808758] cloud-init[1040]: ci-info: +--------+------+---------------------------+---------------+-------+-------------------+
[   55.145471] cloud-init[1040]: ci-info: +++++++++++++++++++++++++++Route IPv4 info++++++++++++++++++++++++++++
[[0;32m  OK  [0m] Started Timer to automatically refresh installed snaps.
[[0;32m  OK  [0m] Reached target Timers.
[   55.146313] cloud-init[1040]: ci-info: +-------+-------------+----------+---------------+-----------+-------+
[   55.376662]          cloud-initStarting LXD - unix socket.[1040]: 
ci-info: | Route | Destination | Gateway  |    Genmask    | Interface | Flags |
[   55.492387] [cloud-init[0;32m  OK  [0m[1040]: ] ci-info: +-------+-------------+----------+---------------+-----------+-------+Listening on D-Bus System Message Bus Socket.

[[0;32m  OK  [0m] Listening on ACPID Listen Socket.
[[0;32m  OK  [0m] Reached target Cloud-config availability.
[   55.492762] cloud-init[1040]: ci-info: |   0   |   0.0.0.0   | 10.0.2.2 |    0.0.0.0    |   enp0s3  |   UG  |
[   55.845578] [cloud-init[0;32m  OK  [0m[1040]: ] ci-info: |   1   |   10.0.2.0  | 0.0.0.0  | 255.255.255.0 |   enp0s3  |   U   |Reached target Network is Online.

[   55.846347] cloud-init[1040]: ci-info: +-------+-------------+----------+---------------+-----------+-------+
[   56.020821]          cloud-initStarting iSCSI initiator daemon (iscsid)...[1040]: 
Generating public/private rsa key pair.
[   56.123902] [cloud-init[0;32m  OK  [0m[1040]: ] Your identification has been saved in /etc/ssh/ssh_host_rsa_key.Listening on Socket activation for snappy daemon.

[[0;32m  OK  [0m] Listening on LXD - unix socket.
[   56.124406] cloud-init[1040]: Your public key has been saved in /etc/ssh/ssh_host_rsa_key.pub.
[   56.364628] [cloud-init[0;32m  OK  [0m[1040]: ] The key fingerprint is:Reached target Sockets.

[   56.432801] [cloud-init[0;32m  OK  [0m[1040]: ] SHA256:MXV+wgqxCR9WdTTt29sGPmW+Bq0J0Jmy1wMIEfqI2gI root@ubuntu-xenialReached target Basic System.

[   56.433316] cloud-init[1040]: The key's randomart image is:
[   56.590286] [cloud-init[0;32m  OK  [0m[1040]: ] +---[RSA 2048]----+Started ACPI event daemon.

[   56.590808] cloud-init[1040]: |      .o*.o.o.+. |
[   56.691312] [[0;32m  OK  [0m] Started D-Bus System Message Bus.
cloud-init[1040]: |      .= * + . ..|
[   56.704973] [cloud-init[0;32m  OK  [0m[1040]: ] |     .  O o * .. |Started FUSE filesystem for LXC.

[   56.765349] [cloud-init[0;32m  OK  [0m[1040]: ] |    . o  B * o  .|Started Regular background program processing daemon.

[   56.765954] cloud-init[1040]: |E  . . .S = o . o|
[   56.896578] cloud-init[1040]: |. o      . o +.o+|
         Starting /etc/rc.local Compatibility...
[   56.896997] cloud-init[1040]: | o .      . ..==o|
[   56.996512]          cloud-initStarting System Logging Service...[1040]: 
|  .          ooo+|
[   57.085013] [cloud-init[0;32m  OK  [0m[1040]: ] |              .+.|Started Deferred execution scheduler.

[   57.085454] cloud-init[1040]: +----[SHA256]-----+
[   57.152784] cloud-init[1040]: Generating public/private dsa key pair.
         Starting LXD - container startup/shutdown...
[   57.160831] cloud-init[1040]: Your identification has been saved in /etc/ssh/ssh_host_dsa_key.
[   57.248417]          cloud-initStarting LSB: MD monitoring daemon...[1040]: 
Your public key has been saved in /etc/ssh/ssh_host_dsa_key.pub.
[   57.310499]          cloud-initStarting Accounts Service...[1040]: 
The key fingerprint is:
[   57.384403]          cloud-initStarting Pollinate to seed the pseudo random number generator...[1040]: 
SHA256:JjU5d6I989CXVv30i8fKzGlWdQ58U+RoOUABgK/HHf4 root@ubuntu-xenial
[   57.496386]          cloud-initStarting Login Service...[1040]: 
The key's randomart image is:
[   57.545377]          cloud-initStarting Apply the settings specified in cloud-config...[1040]: 
+---[DSA 1024]----+
[   57.628290]          cloud-initStarting LSB: Record successful boot for GRUB...[1040]: 
|       ....o+. ..|
[   57.654954] [cloud-init[0;32m  OK  [0m[1040]: ] |      .  .   . +o|Started Snappy daemon.

[   57.655446] cloud-init[1040]: |       .= o ..= *|
[   57.756640]          cloud-initStarting Auto import assertions from block devices...[1040]: 
|       ..*.+ .o**|
[   57.812355] [cloud-init[0;32m  OK  [0m[1040]: ] |      .oSo=.. ++*|Started System Logging Service.

[   57.812797] [cloud-init[0;32m  OK  [0m[1040]: ] |      .oo o= oo.o|Started iSCSI initiator daemon (iscsid).

[   57.918380] [[0;32m  OK  [0m] Started /etc/rc.local Compatibility.
cloud-init[1040]: |       .   ....+ |
[   57.956416] [cloud-init[0;32m  OK  [0m[1040]: ] |            Eo+  |Started LXD - container startup/shutdown.

[   58.049745] [cloud-init[0;32m  OK  [0m[1040]: ] |            o*   |Started Auto import assertions from block devices.

[   58.050354] cloud-init[1040]: +----[SHA256]-----+
[   58.200285] [cloud-init[0;32m  OK  [0m[1040]: ] Generating public/private ecdsa key pair.Started Pollinate to seed the pseudo random number generator.

[   58.200623] cloud-init[1040]: Your identification has been saved in /etc/ssh/ssh_host_ecdsa_key.
[   58.392672] [cloud-init[0;32m  OK  [0m[1040]: ] Your public key has been saved in /etc/ssh/ssh_host_ecdsa_key.pub.Started LSB: MD monitoring daemon.

[   58.393197] cloud-init[1040]: The key fingerprint is:
[   58.520457]          cloud-initStarting Authenticate and Authorize Users to Run Privileged Tasks...[1040]: 
SHA256:GqB02O9pjxz3hUoTZ6dZbNeiAdFKy48qbYwbIn+vaT0 root@ubuntu-xenial
[   58.624432]          cloud-initStarting OpenBSD Secure Shell server...[1040]: 
The key's randomart image is:
[   58.696373]          Starting Login to default iSCSI targets...
cloud-init[1040]: +---[ECDSA 256]---+
[   58.788499] [cloud-init[0;32m  OK  [0m[1040]: ] |          ..     |Started OpenBSD Secure Shell server.

[   58.788846] cloud-init[1040]: |   o      ...    |
[   58.876552] [cloud-init[0;32m  OK  [0m[1040]: ] |  o +    o.o     |Started LSB: Record successful boot for GRUB.

[   58.877173] cloud-init[1040]: | . o o    +o   . |
[   58.964442] [cloud-init[0;32m  OK  [0m[1040]: ] |  .   o S oo* o .|Started Login Service.

[   58.964760] cloud-init[1040]: |     . + +.B.+ . |
[   59.065019] [cloud-init[0;32m  OK  [0m[1040]: ] |  . . B=+.+ o    |Started Authenticate and Authorize Users to Run Privileged Tasks.

[   59.065468] cloud-init[1040]: |   o +=OE+ .     |
[   59.176359] [cloud-init[0;32m  OK  [0m[1040]: ] |    .o**+..      |Started Accounts Service.

[   59.176712] cloud-init[1040]: +----[SHA256]-----+
[   59.268511]          cloud-initStopping OpenBSD Secure Shell server...[1040]: 
Generating public/private ed25519 key pair.
[   59.340419] [cloud-init[0;32m  OK  [0m[1040]: ] Your identification has been saved in /etc/ssh/ssh_host_ed25519_key.Stopped OpenBSD Secure Shell server.

[   59.340804] cloud-init[1040]: Your public key has been saved in /etc/ssh/ssh_host_ed25519_key.pub.
[   59.495556] [cloud-init[0;32m  OK  [0m[1040]: ] The key fingerprint is:Started Login to default iSCSI targets.

[   59.495950] cloud-init[1040]: SHA256:SgprS3YiwY44sqw6DCk80MW5MCyjv1xp6hEP3/4uoj4 root@ubuntu-xenial
[[0;32m  OK  [0m] Reached target Remote File Systems (Pre).
[[0;32m  OK  [0m] Reached target Remote File Systems.
[   59.612818] cloud-init[1040]: The key's randomart image is:
[   59.740436]          cloud-initStarting LSB: daemon to balance interrupts for SMP systems...[1040]: 
+--[ED25519 256]--+
[   59.824480]          cloud-initStarting Permit User Sessions...[1040]: 
| . . .           |
         Starting LSB: automatic crash report generation...
[   59.876613] cloud-init[1040]: |o + +            |
[   59.900665]          cloud-initStarting LSB: VirtualBox Linux Additions...[1040]: 
|.+ + .           |
[   59.964826]          cloud-initStarting LSB: Set the CPU Frequency Scaling governor to "ondemand"...[1040]: 
|+ . .            |
         Starting OpenBSD Secure Shell server...
[   60.048833] [[0;32m  OK  [0m] Started OpenBSD Secure Shell server.
cloud-init[1040]: |+++  .. S        |
[   60.154629] [cloud-init[0;32m  OK  [0m[1040]: ] |B+.B++ .         |Started Permit User Sessions.

[   60.154896] cloud-init[1040]: |XoO== o          |
[   60.264352] cloud-init[1040]: |+OE=...          |
[[0;32m  OK  [0m] Created slice User Slice of ubuntu.
[   60.264754] cloud-init[1040]: |*==o ..+o        |
[   60.384601] cloud-init[1040]: +----[SHA256]-----+
         Starting User Manager for UID 1000...
[   60.389592] cloud-init[1212]: Generating locales (this might take a while)...
[   60.517025] cloud-init[1212]:   en_US.UTF-8... done
[   60.517324] cloud-init[1212]: Generation complete.
[[0;32m  OK  [0m] Started Session 1 of user ubuntu.
[   60.517629] cloud-init[1212]: Cloud-init v. 0.7.8 running 'modules:config' at Thu, 09 Mar 2017 17:45:54 +0000. Up 57.80 seconds.
         Starting Terminate Plymouth Boot Screen...
         Starting Hold until boot process finishes up...
[[0;32m  OK  [0m] Started User Manager for UID 1000.
[[0;32m  OK  [0m] Started Apply the settings specified in cloud-config.
[[0;32m  OK  [0m] Started LSB: daemon to balance interrupts for SMP systems.
[[0;32m  OK  [0m] Started LSB: automatic crash report generation.
[[0;32m  OK  [0m] Started LSB: VirtualBox Linux Additions.
[[0;32m  OK  [0m] Started LSB: Set the CPU Frequency Scaling governor to "ondemand".
[[0;32m  OK  [0m] Started Terminate Plymouth Boot Screen.
[[0;32m  OK  [0m] Started Hold until boot process finishes up.
         Starting Set console scheme...
[[0;32m  OK  [0m] Started Serial Getty on ttyS0.
[[0;32m  OK  [0m] Started Getty on tty1.
[[0;32m  OK  [0m] Reached target Login Prompts.
[[0;32m  OK  [0m] Reached target Multi-User System.
[[0;32m  OK  [0m] Reached target Graphical Interface.
         Starting Update UTMP about System Runlevel Changes...
         Starting Execute cloud user/final scripts...
[[0;32m  OK  [0m] Started Set console scheme.
[[0;32m  OK  [0m] Started Update UTMP about System Runlevel Changes.
ci-info: no authorized ssh keys fingerprints found for user ubuntu.
<14>Mar  9 17:45:58 ec2: 
<14>Mar  9 17:45:58 ec2: #############################################################
<14>Mar  9 17:45:58 ec2: -----BEGIN SSH HOST KEY FINGERPRINTS-----
<14>Mar  9 17:45:58 ec2: 1024 SHA256:JjU5d6I989CXVv30i8fKzGlWdQ58U+RoOUABgK/HHf4 root@ubuntu-xenial (DSA)
<14>Mar  9 17:45:58 ec2: 256 SHA256:GqB02O9pjxz3hUoTZ6dZbNeiAdFKy48qbYwbIn+vaT0 root@ubuntu-xenial (ECDSA)
<14>Mar  9 17:45:58 ec2: 256 SHA256:SgprS3YiwY44sqw6DCk80MW5MCyjv1xp6hEP3/4uoj4 root@ubuntu-xenial (ED25519)
<14>Mar  9 17:45:58 ec2: 2048 SHA256:MXV+wgqxCR9WdTTt29sGPmW+Bq0J0Jmy1wMIEfqI2gI root@ubuntu-xenial (RSA)
<14>Mar  9 17:45:58 ec2: -----END SSH HOST KEY FINGERPRINTS-----
<14>Mar  9 17:45:58 ec2: #############################################################
-----BEGIN SSH HOST KEY KEYS-----
ecdsa-sha2-nistp256 AAAAE2VjZHNhLXNoYTItbmlzdHAyNTYAAAAIbmlzdHAyNTYAAABBBGVaEiJxKlvJu1mVGuc8HGrkfvEF0Ik0gsrT+lY3mjvHl8m+o9VKxiAI0e4i+hspSAE8aKYyXJMgXAgv1O5LY48= root@ubuntu-xenial
ssh-ed25519 AAAAC3NzaC1lZDI1NTE5AAAAID48UK7pi2X3c5GLGfTXRvOumtKZajk5I0R+tmU/OuIG root@ubuntu-xenial
ssh-rsa AAAAB3NzaC1yc2EAAAADAQABAAABAQCoBqnHfnlMB/phol5x5lk9N2QHeq6c6Y1oV3YxMbGpyisSFfhA8yF2Z/wRw7xe8YNG7spwr088otK6WuAeIV5WVcY09k+fqU78sfz95oKycItisbKrqaMYhmFMemD5ZGoI8g9DI0DMbmOANLj7Lwv2wknlWYe9v3SEo2GvKW+/NRhEdXq35pDPd1bevsXJcrC9yjegNvQa44hOURRoEMFY2kAIKyTFLEJA6X2nqWxBI5WMIijG31Mu7odtGmV8OgUkunz6HEvGccPhuQAgsEEgX1H3+7NwJjv+xMpia2hhZh26MXGcbo9ZDI/vhrysZyJmm9bJE6xRxh8/0iNe8OyF root@ubuntu-xenial
-----END SSH HOST KEY KEYS-----
[[0;32m  OK  [0m] Started Session 2 of user ubuntu.
[[0;32m  OK  [0m] Started Execute cloud user/final scripts.
[[0;32m  OK  [0m] Reached target Cloud-init target.
[   63.298194] cloud-init[1416]: Cloud-init v. 0.7.8 running 'modules:final' at Thu, 09 Mar 2017 17:45:58 +0000. Up 62.15 seconds.
[   63.518272] [   63.519122] cloud-init[1416]: Cloud-init v. 0.7.8 finished at Thu, 09 Mar 2017 17:45:59 +0000. Datasource DataSourceNoCloud [seed=/dev/sdb][dsmode=net].  Up 63.29 seconds

Ubuntu 16.04.1 LTS ubuntu-xenial ttyS0

ubuntu-xenial login: 